[0.000000] (-) TimerEvent: {}
[0.000454] (mhe_acado) JobQueued: {'identifier': 'mhe_acado', 'dependencies': OrderedDict()}
[0.001053] (mhe_acado) JobStarted: {'identifier': 'mhe_acado'}
[0.007045] (mhe_acado) JobProgress: {'identifier': 'mhe_acado', 'progress': 'cmake'}
[0.007594] (mhe_acado) Command: {'cmd': ['/usr/bin/cmake', '/home/hakim/ros2/src/mhe_acado_ros2', '-DAMENT_CMAKE_SYMLINK_INSTALL=1', '-DCMAKE_INSTALL_PREFIX=/home/hakim/ros2/src/mhe_acado_ros2/install/mhe_acado'], 'cwd': '/home/hakim/ros2/src/mhe_acado_ros2/build/mhe_acado', 'env': OrderedDict([('LESSOPEN', '| /usr/bin/lesspipe %s'), ('USER', 'hakim'), ('ROS_PACKAGE_PATH', '/opt/ros/noetic/share'), ('ROS_ETC_DIR', '/opt/ros/noetic/etc/ros'), ('SHLVL', '2'), ('LD_LIBRARY_PATH', '/opt/ros/foxy/opt/yaml_cpp_vendor/lib:/opt/ros/foxy/opt/rviz_ogre_vendor/lib:/opt/ros/foxy/lib/x86_64-linux-gnu:/opt/ros/foxy/lib:/opt/ros/noetic/lib'), ('HOME', '/home/hakim'), ('OLDPWD', '/home/hakim/ros2'), ('ROS_PYTHON_VERSION', '3'), ('DBUS_SESSION_BUS_ADDRESS', 'unix:path=/run/user/1000/bus'), ('COLORTERM', 'truecolor'), ('WSL_DISTRO_NAME', 'Ubuntu-20.04'), ('TERMINATOR_DBUS_NAME', 'net.tenshu.Terminator25ef4b219e3b005583550f2b0f9f990c3'), ('WAYLAND_DISPLAY', 'wayland-0'), ('ROS_DISTRO', 'foxy'), ('LOGNAME', 'hakim'), ('NAME', 'AHA2-PREC7560'), ('WSL_INTEROP', '/run/WSL/567_interop'), ('PULSE_SERVER', 'unix:/mnt/wslg/PulseServer'), ('_', '/usr/bin/colcon'), ('ROS_VERSION', '2'), ('PKG_CONFIG_PATH', '/opt/ros/noetic/lib/pkgconfig'), ('TERM', 'xterm-256color'), ('ROS_LOCALHOST_ONLY', '0'), ('PATH', '/opt/ros/foxy/bin:/opt/ros/noetic/bin:/opt/gcc-arm-none-eabi-9-2020-q2-update/bin:/home/hakim/.local/bin:/usr/local/sbin:/usr/local/bin:/usr/sbin:/usr/bin:/sbin:/bin:/usr/games:/usr/local/games:/usr/lib/wsl/lib:/mnt/c/Windows/system32:/mnt/c/Windows:/mnt/c/Windows/System32/Wbem:/mnt/c/Windows/System32/WindowsPowerShell/v1.0/:/mnt/c/Windows/System32/OpenSSH/:/mnt/c/Program Files (x86)/NVIDIA Corporation/PhysX/Common:/mnt/c/Program Files (x86)/Windows Kits/10/Windows Performance Toolkit/:/mnt/c/Program Files (x86)/Incredibuild:/mnt/c/Program Files/TortoiseSVN/bin:/mnt/c/Program Files/Microsoft SQL Server/150/Tools/Binn/:/mnt/c/Program Files/Microsoft SQL Server/Client SDK/ODBC/170/Tools/Binn/:/mnt/c/Program Files/dotnet/:/mnt/c/Users/aha/AppData/Local/Microsoft/WindowsApps:/mnt/c/Users/aha/AppData/Local/Programs/Git/cmd:/mnt/c/Users/aha/AppData/Local/Programs/Microsoft VS Code/bin:/snap/bin'), ('XDG_RUNTIME_DIR', '/run/user/1000/'), ('DISPLAY', ':0'), ('TERMINATOR_DBUS_PATH', '/net/tenshu/Terminator2'), ('LANG', 'en_US.UTF-8'), ('ROSLISP_PACKAGE_DIRECTORIES', ''), ('LS_COLORS', 'rs=0:di=01;34:ln=01;36:mh=00:pi=40;33:so=01;35:do=01;35:bd=40;33;01:cd=40;33;01:or=40;31;01:mi=00:su=37;41:sg=30;43:ca=30;41:tw=30;42:ow=34;42:st=37;44:ex=01;32:*.tar=01;31:*.tgz=01;31:*.arc=01;31:*.arj=01;31:*.taz=01;31:*.lha=01;31:*.lz4=01;31:*.lzh=01;31:*.lzma=01;31:*.tlz=01;31:*.txz=01;31:*.tzo=01;31:*.t7z=01;31:*.zip=01;31:*.z=01;31:*.dz=01;31:*.gz=01;31:*.lrz=01;31:*.lz=01;31:*.lzo=01;31:*.xz=01;31:*.zst=01;31:*.tzst=01;31:*.bz2=01;31:*.bz=01;31:*.tbz=01;31:*.tbz2=01;31:*.tz=01;31:*.deb=01;31:*.rpm=01;31:*.jar=01;31:*.war=01;31:*.ear=01;31:*.sar=01;31:*.rar=01;31:*.alz=01;31:*.ace=01;31:*.zoo=01;31:*.cpio=01;31:*.7z=01;31:*.rz=01;31:*.cab=01;31:*.wim=01;31:*.swm=01;31:*.dwm=01;31:*.esd=01;31:*.jpg=01;35:*.jpeg=01;35:*.mjpg=01;35:*.mjpeg=01;35:*.gif=01;35:*.bmp=01;35:*.pbm=01;35:*.pgm=01;35:*.ppm=01;35:*.tga=01;35:*.xbm=01;35:*.xpm=01;35:*.tif=01;35:*.tiff=01;35:*.png=01;35:*.svg=01;35:*.svgz=01;35:*.mng=01;35:*.pcx=01;35:*.mov=01;35:*.mpg=01;35:*.mpeg=01;35:*.m2v=01;35:*.mkv=01;35:*.webm=01;35:*.ogm=01;35:*.mp4=01;35:*.m4v=01;35:*.mp4v=01;35:*.vob=01;35:*.qt=01;35:*.nuv=01;35:*.wmv=01;35:*.asf=01;35:*.rm=01;35:*.rmvb=01;35:*.flc=01;35:*.avi=01;35:*.fli=01;35:*.flv=01;35:*.gl=01;35:*.dl=01;35:*.xcf=01;35:*.xwd=01;35:*.yuv=01;35:*.cgm=01;35:*.emf=01;35:*.ogv=01;35:*.ogx=01;35:*.aac=00;36:*.au=00;36:*.flac=00;36:*.m4a=00;36:*.mid=00;36:*.midi=00;36:*.mka=00;36:*.mp3=00;36:*.mpc=00;36:*.ogg=00;36:*.ra=00;36:*.wav=00;36:*.oga=00;36:*.opus=00;36:*.spx=00;36:*.xspf=00;36:'), ('ROS_ROOT', '/opt/ros/noetic/share/ros'), ('AMENT_PREFIX_PATH', '/opt/ros/foxy'), ('SHELL', '/bin/bash'), ('TERMINATOR_UUID', 'urn:uuid:dc9b5f09-8667-4805-8f10-fbbfebc2d36e'), ('ROS_MASTER_URI', 'http://localhost:11311'), ('LESSCLOSE', '/usr/bin/lesspipe %s %s'), ('PWD', '/home/hakim/ros2/src/mhe_acado_ros2/build/mhe_acado'), ('XDG_DATA_DIRS', '/usr/local/share:/usr/share:/var/lib/snapd/desktop'), ('PYTHONPATH', '/opt/ros/foxy/lib/python3.8/site-packages:/opt/ros/noetic/lib/python3/dist-packages'), ('COLCON', '1'), ('WSL2_GUI_APPS_ENABLED', '1'), ('VTE_VERSION', '6003'), ('HOSTTYPE', 'x86_64'), ('CMAKE_PREFIX_PATH', '/opt/ros/foxy:/opt/ros/noetic'), ('WSLENV', '')]), 'shell': False}
[0.100076] (-) TimerEvent: {}
[0.105649] (mhe_acado) StdoutLine: {'line': b'-- The C compiler identification is GNU 11.4.0\n'}
[0.200210] (-) TimerEvent: {}
[0.204079] (mhe_acado) StdoutLine: {'line': b'-- The CXX compiler identification is GNU 11.4.0\n'}
[0.242448] (mhe_acado) StdoutLine: {'line': b'-- Check for working C compiler: /usr/bin/cc\n'}
[0.300329] (-) TimerEvent: {}
[0.312774] (mhe_acado) StdoutLine: {'line': b'-- Check for working C compiler: /usr/bin/cc -- works\n'}
[0.314794] (mhe_acado) StdoutLine: {'line': b'-- Detecting C compiler ABI info\n'}
[0.392073] (mhe_acado) StdoutLine: {'line': b'-- Detecting C compiler ABI info - done\n'}
[0.400092] (mhe_acado) StdoutLine: {'line': b'-- Detecting C compile features\n'}
[0.400398] (-) TimerEvent: {}
[0.401638] (mhe_acado) StdoutLine: {'line': b'-- Detecting C compile features - done\n'}
[0.403293] (mhe_acado) StdoutLine: {'line': b'-- Check for working CXX compiler: /usr/bin/c++\n'}
[0.500648] (-) TimerEvent: {}
[0.507450] (mhe_acado) StdoutLine: {'line': b'-- Check for working CXX compiler: /usr/bin/c++ -- works\n'}
[0.508280] (mhe_acado) StdoutLine: {'line': b'-- Detecting CXX compiler ABI info\n'}
[0.582256] (mhe_acado) StdoutLine: {'line': b'-- Detecting CXX compiler ABI info - done\n'}
[0.589337] (mhe_acado) StdoutLine: {'line': b'-- Detecting CXX compile features\n'}
[0.589575] (mhe_acado) StdoutLine: {'line': b'-- Detecting CXX compile features - done\n'}
[0.600587] (mhe_acado) StdoutLine: {'line': b'-- Found ament_cmake: 0.9.12 (/opt/ros/foxy/share/ament_cmake/cmake)\n'}
[0.600661] (-) TimerEvent: {}
[0.618414] (mhe_acado) StdoutLine: {'line': b'-- Found PythonInterp: /usr/bin/python3 (found suitable version "3.8.10", minimum required is "3") \n'}
[0.618520] (mhe_acado) StdoutLine: {'line': b'-- Using PYTHON_EXECUTABLE: /usr/bin/python3\n'}
[0.700814] (-) TimerEvent: {}
[0.741201] (mhe_acado) StdoutLine: {'line': b'-- Override CMake install command with custom implementation using symlinks instead of copying resources\n'}
[0.761900] (mhe_acado) StdoutLine: {'line': b'-- Found rclcpp: 2.4.3 (/opt/ros/foxy/share/rclcpp/cmake)\n'}
[0.800919] (-) TimerEvent: {}
[0.853357] (mhe_acado) StdoutLine: {'line': b'-- Using all available rosidl_typesupport_c: rosidl_typesupport_fastrtps_c;rosidl_typesupport_introspection_c\n'}
[0.858786] (mhe_acado) StdoutLine: {'line': b'-- Found rosidl_adapter: 1.3.1 (/opt/ros/foxy/share/rosidl_adapter/cmake)\n'}
[0.901063] (-) TimerEvent: {}
[1.001384] (-) TimerEvent: {}
[1.003968] (mhe_acado) StdoutLine: {'line': b'-- Found OpenSSL: /usr/lib/x86_64-linux-gnu/libcrypto.so (found version "1.1.1f")  \n'}
[1.088447] (mhe_acado) StdoutLine: {'line': b'-- Found FastRTPS: /opt/ros/foxy/include  \n'}
[1.101491] (-) TimerEvent: {}
[1.157184] (mhe_acado) StdoutLine: {'line': b'-- Using all available rosidl_typesupport_cpp: rosidl_typesupport_fastrtps_cpp;rosidl_typesupport_introspection_cpp\n'}
[1.191572] (mhe_acado) StdoutLine: {'line': b'-- Found rmw_implementation_cmake: 1.0.4 (/opt/ros/foxy/share/rmw_implementation_cmake/cmake)\n'}
[1.192387] (mhe_acado) StdoutLine: {'line': b"-- Using RMW implementation 'rmw_fastrtps_cpp' as default\n"}
[1.193399] (mhe_acado) StdoutLine: {'line': b'-- Looking for pthread.h\n'}
[1.201625] (-) TimerEvent: {}
[1.213076] (mhe_acado) CommandEnded: {'returncode': -2}
[1.220507] (mhe_acado) StderrLine: {'line': b'Traceback (most recent call last):\n  File "/usr/lib/python3/dist-packages/colcon_parallel_executor/executor/parallel.py", line 75, in execute\n    loop.run_until_complete(future)\n  File "/usr/lib/python3.8/asyncio/base_events.py", line 603, in run_until_complete\n    self.run_forever()\n  File "/usr/lib/python3.8/asyncio/base_events.py", line 570, in run_forever\n    self._run_once()\n  File "/usr/lib/python3.8/asyncio/base_events.py", line 1823, in _run_once\n    event_list = self._selector.select(timeout)\n  File "/usr/lib/python3.8/selectors.py", line 468, in select\n    fd_event_list = self._selector.poll(timeout, max_ev)\nKeyboardInterrupt\n\nDuring handling of the above exception, another exception occurred:\n\nTraceback (most recent call last):\n  File "/usr/lib/python3/dist-packages/colcon_core/executor/__init__.py", line 91, in __call__\n    rc = await self.task(*args, **kwargs)\n  File "/usr/lib/python3/dist-packages/colcon_core/task/__init__.py", line 93, in __call__\n    return await task_method(*args, **kwargs)\n  File "/usr/lib/python3/dist-packages/colcon_ros/task/ament_cmake/build.py", line 59, in build\n    rc = await extension.build(\n  File "/usr/lib/python3/dist-packages/colcon_cmake/task/cmake/build.py", line 87, in build\n    rc = await self._reconfigure(args, env)\n  File "/usr/lib/python3/dist-packages/colcon_cmake/task/cmake/build.py", line 182, in _reconfigure\n    buildfile = get_buildfile(cmake_cache)\n  File "/usr/lib/python3/dist-packages/colcon_cmake/task/cmake/__init__.py", line 114, in get_buildfile\n    if \'Visual Studio\' in generator:\nTypeError: argument of type \'NoneType\' is not iterable\n'}
[1.220600] (mhe_acado) JobEnded: {'identifier': 'mhe_acado', 'rc': 'SIGINT'}
[1.231335] (-) EventReactorShutdown: {}
